<?xml version="1.0" encoding="UTF-8"?>
<testsuite name="myappdemo.ddns.net.app.AppApplicationTests" tests="1" skipped="0" failures="0" errors="0" timestamp="2021-03-17T21:24:57" hostname="mihai-G3" time="0.262">
  <properties/>
  <testcase name="contextLoads()" classname="myappdemo.ddns.net.app.AppApplicationTests" time="0.262"/>
  <system-out><![CDATA[23:24:55.522 [Test worker] DEBUG org.springframework.test.context.BootstrapUtils - Instantiating CacheAwareContextLoaderDelegate from class [org.springframework.test.context.cache.DefaultCacheAwareContextLoaderDelegate]
23:24:55.532 [Test worker] DEBUG org.springframework.test.context.BootstrapUtils - Instantiating BootstrapContext using constructor [public org.springframework.test.context.support.DefaultBootstrapContext(java.lang.Class,org.springframework.test.context.CacheAwareContextLoaderDelegate)]
23:24:55.562 [Test worker] DEBUG org.springframework.test.context.BootstrapUtils - Instantiating TestContextBootstrapper for test class [myappdemo.ddns.net.app.AppApplicationTests] from class [org.springframework.boot.test.context.SpringBootTestContextBootstrapper]
23:24:55.574 [Test worker] INFO org.springframework.boot.test.context.SpringBootTestContextBootstrapper - Neither @ContextConfiguration nor @ContextHierarchy found for test class [myappdemo.ddns.net.app.AppApplicationTests], using SpringBootContextLoader
23:24:55.578 [Test worker] DEBUG org.springframework.test.context.support.AbstractContextLoader - Did not detect default resource location for test class [myappdemo.ddns.net.app.AppApplicationTests]: class path resource [myappdemo/ddns/net/app/AppApplicationTests-context.xml] does not exist
23:24:55.579 [Test worker] DEBUG org.springframework.test.context.support.AbstractContextLoader - Did not detect default resource location for test class [myappdemo.ddns.net.app.AppApplicationTests]: class path resource [myappdemo/ddns/net/app/AppApplicationTestsContext.groovy] does not exist
23:24:55.579 [Test worker] INFO org.springframework.test.context.support.AbstractContextLoader - Could not detect default resource locations for test class [myappdemo.ddns.net.app.AppApplicationTests]: no resource found for suffixes {-context.xml, Context.groovy}.
23:24:55.580 [Test worker] INFO org.springframework.test.context.support.AnnotationConfigContextLoaderUtils - Could not detect default configuration classes for test class [myappdemo.ddns.net.app.AppApplicationTests]: AppApplicationTests does not declare any static, non-private, non-final, nested classes annotated with @Configuration.
23:24:55.629 [Test worker] DEBUG org.springframework.test.context.support.ActiveProfilesUtils - Could not find an 'annotation declaring class' for annotation type [org.springframework.test.context.ActiveProfiles] and class [myappdemo.ddns.net.app.AppApplicationTests]
23:24:55.686 [Test worker] DEBUG org.springframework.context.annotation.ClassPathScanningCandidateComponentProvider - Identified candidate component class: file [/home/mihai/work/js/app/build/classes/java/main/myappdemo/ddns/net/app/AppApplication.class]
23:24:55.687 [Test worker] INFO org.springframework.boot.test.context.SpringBootTestContextBootstrapper - Found @SpringBootConfiguration myappdemo.ddns.net.app.AppApplication for test class myappdemo.ddns.net.app.AppApplicationTests
23:24:55.771 [Test worker] DEBUG org.springframework.boot.test.context.SpringBootTestContextBootstrapper - @TestExecutionListeners is not present for class [myappdemo.ddns.net.app.AppApplicationTests]: using defaults.
23:24:55.772 [Test worker] INFO org.springframework.boot.test.context.SpringBootTestContextBootstrapper - Loaded default TestExecutionListener class names from location [META-INF/spring.factories]: [org.springframework.boot.test.autoconfigure.restdocs.RestDocsTestExecutionListener, org.springframework.boot.test.autoconfigure.web.client.MockRestServiceServerResetTestExecutionListener, org.springframework.boot.test.autoconfigure.web.servlet.MockMvcPrintOnlyOnFailureTestExecutionListener, org.springframework.boot.test.autoconfigure.web.servlet.WebDriverTestExecutionListener, org.springframework.boot.test.autoconfigure.webservices.client.MockWebServiceServerTestExecutionListener, org.springframework.boot.test.mock.mockito.MockitoTestExecutionListener, org.springframework.boot.test.mock.mockito.ResetMocksTestExecutionListener, org.springframework.test.context.web.ServletTestExecutionListener, org.springframework.test.context.support.DirtiesContextBeforeModesTestExecutionListener, org.springframework.test.context.event.ApplicationEventsTestExecutionListener, org.springframework.test.context.support.DependencyInjectionTestExecutionListener, org.springframework.test.context.support.DirtiesContextTestExecutionListener, org.springframework.test.context.transaction.TransactionalTestExecutionListener, org.springframework.test.context.jdbc.SqlScriptsTestExecutionListener, org.springframework.test.context.event.EventPublishingTestExecutionListener]
23:24:55.783 [Test worker] DEBUG org.springframework.boot.test.context.SpringBootTestContextBootstrapper - Skipping candidate TestExecutionListener [org.springframework.test.context.transaction.TransactionalTestExecutionListener] due to a missing dependency. Specify custom listener classes or make the default listener classes and their required dependencies available. Offending class: [org/springframework/transaction/interceptor/TransactionAttributeSource]
23:24:55.783 [Test worker] DEBUG org.springframework.boot.test.context.SpringBootTestContextBootstrapper - Skipping candidate TestExecutionListener [org.springframework.test.context.jdbc.SqlScriptsTestExecutionListener] due to a missing dependency. Specify custom listener classes or make the default listener classes and their required dependencies available. Offending class: [org/springframework/transaction/interceptor/TransactionAttribute]
23:24:55.784 [Test worker] INFO org.springframework.boot.test.context.SpringBootTestContextBootstrapper - Using TestExecutionListeners: [org.springframework.test.context.web.ServletTestExecutionListener@1214b121, org.springframework.test.context.support.DirtiesContextBeforeModesTestExecutionListener@33dc91d9, org.springframework.test.context.event.ApplicationEventsTestExecutionListener@7ff90350, org.springframework.boot.test.mock.mockito.MockitoTestExecutionListener@26e30188, org.springframework.boot.test.autoconfigure.SpringBootDependencyInjectionTestExecutionListener@114921cc, org.springframework.test.context.support.DirtiesContextTestExecutionListener@46cc2865, org.springframework.test.context.event.EventPublishingTestExecutionListener@7118506f, org.springframework.boot.test.autoconfigure.restdocs.RestDocsTestExecutionListener@4fc9e085, org.springframework.boot.test.autoconfigure.web.client.MockRestServiceServerResetTestExecutionListener@17d6fff1, org.springframework.boot.test.autoconfigure.web.servlet.MockMvcPrintOnlyOnFailureTestExecutionListener@30fe626e, org.springframework.boot.test.autoconfigure.web.servlet.WebDriverTestExecutionListener@356d736, org.springframework.boot.test.autoconfigure.webservices.client.MockWebServiceServerTestExecutionListener@31bd211, org.springframework.boot.test.mock.mockito.ResetMocksTestExecutionListener@23129cf4]
23:24:55.787 [Test worker] DEBUG org.springframework.test.context.support.AbstractDirtiesContextTestExecutionListener - Before test class: context [DefaultTestContext@20545f3a testClass = AppApplicationTests, testInstance = [null], testMethod = [null], testException = [null], mergedContextConfiguration = [WebMergedContextConfiguration@d5ac5b8 testClass = AppApplicationTests, locations = '{}', classes = '{class myappdemo.ddns.net.app.AppApplication}', contextInitializerClasses = '[]', activeProfiles = '{}', propertySourceLocations = '{}', propertySourceProperties = '{org.springframework.boot.test.context.SpringBootTestContextBootstrapper=true}', contextCustomizers = set[org.springframework.boot.test.autoconfigure.actuate.metrics.MetricsExportContextCustomizerFactory$DisableMetricExportContextCustomizer@59f4d989, org.springframework.boot.test.autoconfigure.properties.PropertyMappingContextCustomizer@0, org.springframework.boot.test.autoconfigure.web.servlet.WebDriverContextCustomizerFactory$Customizer@bc833e1, org.springframework.boot.test.context.filter.ExcludeFilterContextCustomizer@3a764a59, org.springframework.boot.test.json.DuplicateJsonObjectContextCustomizerFactory$DuplicateJsonObjectContextCustomizer@7cb5e301, org.springframework.boot.test.mock.mockito.MockitoContextCustomizer@0, org.springframework.boot.test.web.client.TestRestTemplateContextCustomizer@82c39fb, org.springframework.boot.test.context.SpringBootTestArgs@1, org.springframework.boot.test.context.SpringBootTestWebEnvironment@7d6b348d], resourceBasePath = 'src/main/webapp', contextLoader = 'org.springframework.boot.test.context.SpringBootContextLoader', parent = [null]], attributes = map['org.springframework.test.context.web.ServletTestExecutionListener.activateListener' -> true]], class annotated with @DirtiesContext [false] with mode [null].
23:24:55.816 [Test worker] DEBUG org.springframework.test.context.support.TestPropertySourceUtils - Adding inlined properties to environment: {spring.jmx.enabled=false, org.springframework.boot.test.context.SpringBootTestContextBootstrapper=true}

  .   ____          _            __ _ _
 /\\ / ___'_ __ _ _(_)_ __  __ _ \ \ \ \
( ( )\___ | '_ | '_| | '_ \/ _` | \ \ \ \
 \\/  ___)| |_)| | | | | || (_| |  ) ) ) )
  '  |____| .__|_| |_|_| |_\__, | / / / /
 =========|_|==============|___/=/_/_/_/
 :: Spring Boot ::                (v2.4.3)

2021-03-17 23:24:56.118  INFO 3258636 --- [    Test worker] m.ddns.net.app.AppApplicationTests       : Starting AppApplicationTests using Java 11.0.10 on mihai-G3 with PID 3258636 (started by mihai in /home/mihai/work/js/app)
2021-03-17 23:24:56.129  INFO 3258636 --- [    Test worker] m.ddns.net.app.AppApplicationTests       : No active profile set, falling back to default profiles: default
2021-03-17 23:24:57.109  INFO 3258636 --- [    Test worker] .s.s.UserDetailsServiceAutoConfiguration : 

Using generated security password: d259dd6e-1c64-4dce-82e5-ac425bd67bee

2021-03-17 23:24:57.195  INFO 3258636 --- [    Test worker] o.s.s.w.a.c.ChannelProcessingFilter      : Validated configuration attributes
2021-03-17 23:24:57.199  INFO 3258636 --- [    Test worker] o.s.s.web.DefaultSecurityFilterChain     : Will secure any request with [org.springframework.security.web.access.channel.ChannelProcessingFilter@4a54c5c5, org.springframework.security.web.context.request.async.WebAsyncManagerIntegrationFilter@4d3ea94a, org.springframework.security.web.context.SecurityContextPersistenceFilter@4d2713f4, org.springframework.security.web.header.HeaderWriterFilter@3028d882, org.springframework.security.web.csrf.CsrfFilter@5820e875, org.springframework.security.web.authentication.logout.LogoutFilter@72904295, org.springframework.security.web.savedrequest.RequestCacheAwareFilter@50ef249c, org.springframework.security.web.servletapi.SecurityContextHolderAwareRequestFilter@257ae969, org.springframework.security.web.authentication.AnonymousAuthenticationFilter@7625bbaf, org.springframework.security.web.session.SessionManagementFilter@2c907d3d, org.springframework.security.web.access.ExceptionTranslationFilter@2ab309e6]
2021-03-17 23:24:57.356  INFO 3258636 --- [    Test worker] o.s.s.concurrent.ThreadPoolTaskExecutor  : Initializing ExecutorService 'applicationTaskExecutor'
2021-03-17 23:24:57.438  INFO 3258636 --- [    Test worker] o.s.b.a.w.s.WelcomePageHandlerMapping    : Adding welcome page template: index
2021-03-17 23:24:57.579  INFO 3258636 --- [    Test worker] m.ddns.net.app.AppApplicationTests       : Started AppApplicationTests in 1.755 seconds (JVM running for 2.757)
]]></system-out>
  <system-err><![CDATA[]]></system-err>
</testsuite>
