<?xml version="1.0" encoding="UTF-8"?>
<testsuite name="myappdemo.ddns.net.app.AppApplicationTests" tests="1" skipped="0" failures="0" errors="0" timestamp="2021-03-14T15:51:01" hostname="mihai-G3" time="0.267">
  <properties/>
  <testcase name="contextLoads()" classname="myappdemo.ddns.net.app.AppApplicationTests" time="0.267"/>
  <system-out><![CDATA[17:51:00.318 [Test worker] DEBUG org.springframework.test.context.BootstrapUtils - Instantiating CacheAwareContextLoaderDelegate from class [org.springframework.test.context.cache.DefaultCacheAwareContextLoaderDelegate]
17:51:00.326 [Test worker] DEBUG org.springframework.test.context.BootstrapUtils - Instantiating BootstrapContext using constructor [public org.springframework.test.context.support.DefaultBootstrapContext(java.lang.Class,org.springframework.test.context.CacheAwareContextLoaderDelegate)]
17:51:00.347 [Test worker] DEBUG org.springframework.test.context.BootstrapUtils - Instantiating TestContextBootstrapper for test class [myappdemo.ddns.net.app.AppApplicationTests] from class [org.springframework.boot.test.context.SpringBootTestContextBootstrapper]
17:51:00.354 [Test worker] INFO org.springframework.boot.test.context.SpringBootTestContextBootstrapper - Neither @ContextConfiguration nor @ContextHierarchy found for test class [myappdemo.ddns.net.app.AppApplicationTests], using SpringBootContextLoader
17:51:00.357 [Test worker] DEBUG org.springframework.test.context.support.AbstractContextLoader - Did not detect default resource location for test class [myappdemo.ddns.net.app.AppApplicationTests]: class path resource [myappdemo/ddns/net/app/AppApplicationTests-context.xml] does not exist
17:51:00.358 [Test worker] DEBUG org.springframework.test.context.support.AbstractContextLoader - Did not detect default resource location for test class [myappdemo.ddns.net.app.AppApplicationTests]: class path resource [myappdemo/ddns/net/app/AppApplicationTestsContext.groovy] does not exist
17:51:00.358 [Test worker] INFO org.springframework.test.context.support.AbstractContextLoader - Could not detect default resource locations for test class [myappdemo.ddns.net.app.AppApplicationTests]: no resource found for suffixes {-context.xml, Context.groovy}.
17:51:00.359 [Test worker] INFO org.springframework.test.context.support.AnnotationConfigContextLoaderUtils - Could not detect default configuration classes for test class [myappdemo.ddns.net.app.AppApplicationTests]: AppApplicationTests does not declare any static, non-private, non-final, nested classes annotated with @Configuration.
17:51:00.389 [Test worker] DEBUG org.springframework.test.context.support.ActiveProfilesUtils - Could not find an 'annotation declaring class' for annotation type [org.springframework.test.context.ActiveProfiles] and class [myappdemo.ddns.net.app.AppApplicationTests]
17:51:00.438 [Test worker] DEBUG org.springframework.context.annotation.ClassPathScanningCandidateComponentProvider - Identified candidate component class: file [/home/mihai/work/js/app/build/classes/java/main/myappdemo/ddns/net/app/AppApplication.class]
17:51:00.445 [Test worker] INFO org.springframework.boot.test.context.SpringBootTestContextBootstrapper - Found @SpringBootConfiguration myappdemo.ddns.net.app.AppApplication for test class myappdemo.ddns.net.app.AppApplicationTests
17:51:00.505 [Test worker] DEBUG org.springframework.boot.test.context.SpringBootTestContextBootstrapper - @TestExecutionListeners is not present for class [myappdemo.ddns.net.app.AppApplicationTests]: using defaults.
17:51:00.505 [Test worker] INFO org.springframework.boot.test.context.SpringBootTestContextBootstrapper - Loaded default TestExecutionListener class names from location [META-INF/spring.factories]: [org.springframework.boot.test.autoconfigure.restdocs.RestDocsTestExecutionListener, org.springframework.boot.test.autoconfigure.web.client.MockRestServiceServerResetTestExecutionListener, org.springframework.boot.test.autoconfigure.web.servlet.MockMvcPrintOnlyOnFailureTestExecutionListener, org.springframework.boot.test.autoconfigure.web.servlet.WebDriverTestExecutionListener, org.springframework.boot.test.autoconfigure.webservices.client.MockWebServiceServerTestExecutionListener, org.springframework.boot.test.mock.mockito.MockitoTestExecutionListener, org.springframework.boot.test.mock.mockito.ResetMocksTestExecutionListener, org.springframework.test.context.web.ServletTestExecutionListener, org.springframework.test.context.support.DirtiesContextBeforeModesTestExecutionListener, org.springframework.test.context.event.ApplicationEventsTestExecutionListener, org.springframework.test.context.support.DependencyInjectionTestExecutionListener, org.springframework.test.context.support.DirtiesContextTestExecutionListener, org.springframework.test.context.transaction.TransactionalTestExecutionListener, org.springframework.test.context.jdbc.SqlScriptsTestExecutionListener, org.springframework.test.context.event.EventPublishingTestExecutionListener]
17:51:00.514 [Test worker] DEBUG org.springframework.boot.test.context.SpringBootTestContextBootstrapper - Skipping candidate TestExecutionListener [org.springframework.test.context.transaction.TransactionalTestExecutionListener] due to a missing dependency. Specify custom listener classes or make the default listener classes and their required dependencies available. Offending class: [org/springframework/transaction/interceptor/TransactionAttributeSource]
17:51:00.515 [Test worker] DEBUG org.springframework.boot.test.context.SpringBootTestContextBootstrapper - Skipping candidate TestExecutionListener [org.springframework.test.context.jdbc.SqlScriptsTestExecutionListener] due to a missing dependency. Specify custom listener classes or make the default listener classes and their required dependencies available. Offending class: [org/springframework/transaction/interceptor/TransactionAttribute]
17:51:00.515 [Test worker] INFO org.springframework.boot.test.context.SpringBootTestContextBootstrapper - Using TestExecutionListeners: [org.springframework.test.context.web.ServletTestExecutionListener@5e4c06b0, org.springframework.test.context.support.DirtiesContextBeforeModesTestExecutionListener@745da2be, org.springframework.test.context.event.ApplicationEventsTestExecutionListener@53980d0e, org.springframework.boot.test.mock.mockito.MockitoTestExecutionListener@71684f24, org.springframework.boot.test.autoconfigure.SpringBootDependencyInjectionTestExecutionListener@4f2fae3f, org.springframework.test.context.support.DirtiesContextTestExecutionListener@56fead36, org.springframework.test.context.event.EventPublishingTestExecutionListener@451d2a9a, org.springframework.boot.test.autoconfigure.restdocs.RestDocsTestExecutionListener@76bf5c72, org.springframework.boot.test.autoconfigure.web.client.MockRestServiceServerResetTestExecutionListener@44534acc, org.springframework.boot.test.autoconfigure.web.servlet.MockMvcPrintOnlyOnFailureTestExecutionListener@6767c86d, org.springframework.boot.test.autoconfigure.web.servlet.WebDriverTestExecutionListener@4b8267e1, org.springframework.boot.test.autoconfigure.webservices.client.MockWebServiceServerTestExecutionListener@47d2fe2f, org.springframework.boot.test.mock.mockito.ResetMocksTestExecutionListener@1909d933]
17:51:00.518 [Test worker] DEBUG org.springframework.test.context.support.AbstractDirtiesContextTestExecutionListener - Before test class: context [DefaultTestContext@64ffcadb testClass = AppApplicationTests, testInstance = [null], testMethod = [null], testException = [null], mergedContextConfiguration = [WebMergedContextConfiguration@22ada096 testClass = AppApplicationTests, locations = '{}', classes = '{class myappdemo.ddns.net.app.AppApplication}', contextInitializerClasses = '[]', activeProfiles = '{}', propertySourceLocations = '{}', propertySourceProperties = '{org.springframework.boot.test.context.SpringBootTestContextBootstrapper=true}', contextCustomizers = set[org.springframework.boot.test.autoconfigure.actuate.metrics.MetricsExportContextCustomizerFactory$DisableMetricExportContextCustomizer@4fbff818, org.springframework.boot.test.autoconfigure.properties.PropertyMappingContextCustomizer@0, org.springframework.boot.test.autoconfigure.web.servlet.WebDriverContextCustomizerFactory$Customizer@397d9147, org.springframework.boot.test.context.filter.ExcludeFilterContextCustomizer@7d8d17b3, org.springframework.boot.test.json.DuplicateJsonObjectContextCustomizerFactory$DuplicateJsonObjectContextCustomizer@4f2f85a9, org.springframework.boot.test.mock.mockito.MockitoContextCustomizer@0, org.springframework.boot.test.web.client.TestRestTemplateContextCustomizer@508d8e37, org.springframework.boot.test.context.SpringBootTestArgs@1, org.springframework.boot.test.context.SpringBootTestWebEnvironment@59fdd11f], resourceBasePath = 'src/main/webapp', contextLoader = 'org.springframework.boot.test.context.SpringBootContextLoader', parent = [null]], attributes = map['org.springframework.test.context.web.ServletTestExecutionListener.activateListener' -> true]], class annotated with @DirtiesContext [false] with mode [null].
17:51:00.550 [Test worker] DEBUG org.springframework.test.context.support.TestPropertySourceUtils - Adding inlined properties to environment: {spring.jmx.enabled=false, org.springframework.boot.test.context.SpringBootTestContextBootstrapper=true}

  .   ____          _            __ _ _
 /\\ / ___'_ __ _ _(_)_ __  __ _ \ \ \ \
( ( )\___ | '_ | '_| | '_ \/ _` | \ \ \ \
 \\/  ___)| |_)| | | | | || (_| |  ) ) ) )
  '  |____| .__|_| |_|_| |_\__, | / / / /
 =========|_|==============|___/=/_/_/_/
 :: Spring Boot ::                (v2.4.3)

2021-03-14 17:51:00.776  INFO 354047 --- [    Test worker] m.ddns.net.app.AppApplicationTests       : Starting AppApplicationTests using Java 11.0.10 on mihai-G3 with PID 354047 (started by mihai in /home/mihai/work/js/app)
2021-03-14 17:51:00.780  INFO 354047 --- [    Test worker] m.ddns.net.app.AppApplicationTests       : No active profile set, falling back to default profiles: default
2021-03-14 17:51:01.526  INFO 354047 --- [    Test worker] .s.s.UserDetailsServiceAutoConfiguration : 

Using generated security password: c2050ac4-4058-4a1b-85e5-d259df9c10dd

2021-03-14 17:51:01.613  INFO 354047 --- [    Test worker] o.s.s.w.a.c.ChannelProcessingFilter      : Validated configuration attributes
2021-03-14 17:51:01.616  INFO 354047 --- [    Test worker] o.s.s.web.DefaultSecurityFilterChain     : Will secure any request with [org.springframework.security.web.access.channel.ChannelProcessingFilter@5715e9be, org.springframework.security.web.context.request.async.WebAsyncManagerIntegrationFilter@eb32608, org.springframework.security.web.context.SecurityContextPersistenceFilter@4093afe7, org.springframework.security.web.header.HeaderWriterFilter@74d1f1c6, org.springframework.security.web.csrf.CsrfFilter@544ffdf2, org.springframework.security.web.authentication.logout.LogoutFilter@8f5b5dc, org.springframework.security.web.savedrequest.RequestCacheAwareFilter@426f0890, org.springframework.security.web.servletapi.SecurityContextHolderAwareRequestFilter@67d6dac1, org.springframework.security.web.authentication.AnonymousAuthenticationFilter@3bf593d6, org.springframework.security.web.session.SessionManagementFilter@3ee5be7e, org.springframework.security.web.access.ExceptionTranslationFilter@b60150a]
2021-03-14 17:51:01.742  INFO 354047 --- [    Test worker] o.s.s.concurrent.ThreadPoolTaskExecutor  : Initializing ExecutorService 'applicationTaskExecutor'
2021-03-14 17:51:01.918  INFO 354047 --- [    Test worker] m.ddns.net.app.AppApplicationTests       : Started AppApplicationTests in 1.362 seconds (JVM running for 2.256)
]]></system-out>
  <system-err><![CDATA[]]></system-err>
</testsuite>
