<?xml version="1.0" encoding="UTF-8"?>
<testsuite name="myappdemo.ddns.net.app.AppApplicationTests" tests="1" skipped="0" failures="0" errors="0" timestamp="2021-03-17T22:06:18" hostname="mihai-G3" time="0.225">
  <properties/>
  <testcase name="contextLoads()" classname="myappdemo.ddns.net.app.AppApplicationTests" time="0.225"/>
  <system-out><![CDATA[00:06:17.274 [Test worker] DEBUG org.springframework.test.context.BootstrapUtils - Instantiating CacheAwareContextLoaderDelegate from class [org.springframework.test.context.cache.DefaultCacheAwareContextLoaderDelegate]
00:06:17.283 [Test worker] DEBUG org.springframework.test.context.BootstrapUtils - Instantiating BootstrapContext using constructor [public org.springframework.test.context.support.DefaultBootstrapContext(java.lang.Class,org.springframework.test.context.CacheAwareContextLoaderDelegate)]
00:06:17.306 [Test worker] DEBUG org.springframework.test.context.BootstrapUtils - Instantiating TestContextBootstrapper for test class [myappdemo.ddns.net.app.AppApplicationTests] from class [org.springframework.boot.test.context.SpringBootTestContextBootstrapper]
00:06:17.313 [Test worker] INFO org.springframework.boot.test.context.SpringBootTestContextBootstrapper - Neither @ContextConfiguration nor @ContextHierarchy found for test class [myappdemo.ddns.net.app.AppApplicationTests], using SpringBootContextLoader
00:06:17.316 [Test worker] DEBUG org.springframework.test.context.support.AbstractContextLoader - Did not detect default resource location for test class [myappdemo.ddns.net.app.AppApplicationTests]: class path resource [myappdemo/ddns/net/app/AppApplicationTests-context.xml] does not exist
00:06:17.317 [Test worker] DEBUG org.springframework.test.context.support.AbstractContextLoader - Did not detect default resource location for test class [myappdemo.ddns.net.app.AppApplicationTests]: class path resource [myappdemo/ddns/net/app/AppApplicationTestsContext.groovy] does not exist
00:06:17.317 [Test worker] INFO org.springframework.test.context.support.AbstractContextLoader - Could not detect default resource locations for test class [myappdemo.ddns.net.app.AppApplicationTests]: no resource found for suffixes {-context.xml, Context.groovy}.
00:06:17.317 [Test worker] INFO org.springframework.test.context.support.AnnotationConfigContextLoaderUtils - Could not detect default configuration classes for test class [myappdemo.ddns.net.app.AppApplicationTests]: AppApplicationTests does not declare any static, non-private, non-final, nested classes annotated with @Configuration.
00:06:17.347 [Test worker] DEBUG org.springframework.test.context.support.ActiveProfilesUtils - Could not find an 'annotation declaring class' for annotation type [org.springframework.test.context.ActiveProfiles] and class [myappdemo.ddns.net.app.AppApplicationTests]
00:06:17.391 [Test worker] DEBUG org.springframework.context.annotation.ClassPathScanningCandidateComponentProvider - Identified candidate component class: file [/home/mihai/work/js/app/build/classes/java/main/myappdemo/ddns/net/app/AppApplication.class]
00:06:17.392 [Test worker] INFO org.springframework.boot.test.context.SpringBootTestContextBootstrapper - Found @SpringBootConfiguration myappdemo.ddns.net.app.AppApplication for test class myappdemo.ddns.net.app.AppApplicationTests
00:06:17.454 [Test worker] DEBUG org.springframework.boot.test.context.SpringBootTestContextBootstrapper - @TestExecutionListeners is not present for class [myappdemo.ddns.net.app.AppApplicationTests]: using defaults.
00:06:17.454 [Test worker] INFO org.springframework.boot.test.context.SpringBootTestContextBootstrapper - Loaded default TestExecutionListener class names from location [META-INF/spring.factories]: [org.springframework.boot.test.autoconfigure.restdocs.RestDocsTestExecutionListener, org.springframework.boot.test.autoconfigure.web.client.MockRestServiceServerResetTestExecutionListener, org.springframework.boot.test.autoconfigure.web.servlet.MockMvcPrintOnlyOnFailureTestExecutionListener, org.springframework.boot.test.autoconfigure.web.servlet.WebDriverTestExecutionListener, org.springframework.boot.test.autoconfigure.webservices.client.MockWebServiceServerTestExecutionListener, org.springframework.boot.test.mock.mockito.MockitoTestExecutionListener, org.springframework.boot.test.mock.mockito.ResetMocksTestExecutionListener, org.springframework.test.context.web.ServletTestExecutionListener, org.springframework.test.context.support.DirtiesContextBeforeModesTestExecutionListener, org.springframework.test.context.event.ApplicationEventsTestExecutionListener, org.springframework.test.context.support.DependencyInjectionTestExecutionListener, org.springframework.test.context.support.DirtiesContextTestExecutionListener, org.springframework.test.context.transaction.TransactionalTestExecutionListener, org.springframework.test.context.jdbc.SqlScriptsTestExecutionListener, org.springframework.test.context.event.EventPublishingTestExecutionListener]
00:06:17.463 [Test worker] DEBUG org.springframework.boot.test.context.SpringBootTestContextBootstrapper - Skipping candidate TestExecutionListener [org.springframework.test.context.transaction.TransactionalTestExecutionListener] due to a missing dependency. Specify custom listener classes or make the default listener classes and their required dependencies available. Offending class: [org/springframework/transaction/interceptor/TransactionAttributeSource]
00:06:17.463 [Test worker] DEBUG org.springframework.boot.test.context.SpringBootTestContextBootstrapper - Skipping candidate TestExecutionListener [org.springframework.test.context.jdbc.SqlScriptsTestExecutionListener] due to a missing dependency. Specify custom listener classes or make the default listener classes and their required dependencies available. Offending class: [org/springframework/transaction/interceptor/TransactionAttribute]
00:06:17.464 [Test worker] INFO org.springframework.boot.test.context.SpringBootTestContextBootstrapper - Using TestExecutionListeners: [org.springframework.test.context.web.ServletTestExecutionListener@1214b121, org.springframework.test.context.support.DirtiesContextBeforeModesTestExecutionListener@33dc91d9, org.springframework.test.context.event.ApplicationEventsTestExecutionListener@7ff90350, org.springframework.boot.test.mock.mockito.MockitoTestExecutionListener@26e30188, org.springframework.boot.test.autoconfigure.SpringBootDependencyInjectionTestExecutionListener@114921cc, org.springframework.test.context.support.DirtiesContextTestExecutionListener@46cc2865, org.springframework.test.context.event.EventPublishingTestExecutionListener@7118506f, org.springframework.boot.test.autoconfigure.restdocs.RestDocsTestExecutionListener@4fc9e085, org.springframework.boot.test.autoconfigure.web.client.MockRestServiceServerResetTestExecutionListener@17d6fff1, org.springframework.boot.test.autoconfigure.web.servlet.MockMvcPrintOnlyOnFailureTestExecutionListener@30fe626e, org.springframework.boot.test.autoconfigure.web.servlet.WebDriverTestExecutionListener@356d736, org.springframework.boot.test.autoconfigure.webservices.client.MockWebServiceServerTestExecutionListener@31bd211, org.springframework.boot.test.mock.mockito.ResetMocksTestExecutionListener@23129cf4]
00:06:17.466 [Test worker] DEBUG org.springframework.test.context.support.AbstractDirtiesContextTestExecutionListener - Before test class: context [DefaultTestContext@20545f3a testClass = AppApplicationTests, testInstance = [null], testMethod = [null], testException = [null], mergedContextConfiguration = [WebMergedContextConfiguration@d5ac5b8 testClass = AppApplicationTests, locations = '{}', classes = '{class myappdemo.ddns.net.app.AppApplication}', contextInitializerClasses = '[]', activeProfiles = '{}', propertySourceLocations = '{}', propertySourceProperties = '{org.springframework.boot.test.context.SpringBootTestContextBootstrapper=true}', contextCustomizers = set[org.springframework.boot.test.autoconfigure.actuate.metrics.MetricsExportContextCustomizerFactory$DisableMetricExportContextCustomizer@59f4d989, org.springframework.boot.test.autoconfigure.properties.PropertyMappingContextCustomizer@0, org.springframework.boot.test.autoconfigure.web.servlet.WebDriverContextCustomizerFactory$Customizer@bc833e1, org.springframework.boot.test.context.filter.ExcludeFilterContextCustomizer@3a764a59, org.springframework.boot.test.json.DuplicateJsonObjectContextCustomizerFactory$DuplicateJsonObjectContextCustomizer@7cb5e301, org.springframework.boot.test.mock.mockito.MockitoContextCustomizer@0, org.springframework.boot.test.web.client.TestRestTemplateContextCustomizer@82c39fb, org.springframework.boot.test.context.SpringBootTestArgs@1, org.springframework.boot.test.context.SpringBootTestWebEnvironment@7d6b348d], resourceBasePath = 'src/main/webapp', contextLoader = 'org.springframework.boot.test.context.SpringBootContextLoader', parent = [null]], attributes = map['org.springframework.test.context.web.ServletTestExecutionListener.activateListener' -> true]], class annotated with @DirtiesContext [false] with mode [null].
00:06:17.487 [Test worker] DEBUG org.springframework.test.context.support.TestPropertySourceUtils - Adding inlined properties to environment: {spring.jmx.enabled=false, org.springframework.boot.test.context.SpringBootTestContextBootstrapper=true}

  .   ____          _            __ _ _
 /\\ / ___'_ __ _ _(_)_ __  __ _ \ \ \ \
( ( )\___ | '_ | '_| | '_ \/ _` | \ \ \ \
 \\/  ___)| |_)| | | | | || (_| |  ) ) ) )
  '  |____| .__|_| |_|_| |_\__, | / / / /
 =========|_|==============|___/=/_/_/_/
 :: Spring Boot ::                (v2.4.3)

2021-03-18 00:06:17.723  INFO 3328596 --- [    Test worker] m.ddns.net.app.AppApplicationTests       : Starting AppApplicationTests using Java 11.0.10 on mihai-G3 with PID 3328596 (started by mihai in /home/mihai/work/js/app)
2021-03-18 00:06:17.733  INFO 3328596 --- [    Test worker] m.ddns.net.app.AppApplicationTests       : No active profile set, falling back to default profiles: default
2021-03-18 00:06:18.538  INFO 3328596 --- [    Test worker] .s.s.UserDetailsServiceAutoConfiguration : 

Using generated security password: 41109e0d-c6e3-46df-af8b-d5a4bf950289

2021-03-18 00:06:18.617  INFO 3328596 --- [    Test worker] o.s.s.w.a.c.ChannelProcessingFilter      : Validated configuration attributes
2021-03-18 00:06:18.620  INFO 3328596 --- [    Test worker] o.s.s.web.DefaultSecurityFilterChain     : Will secure any request with [org.springframework.security.web.access.channel.ChannelProcessingFilter@8fc37d0, org.springframework.security.web.context.request.async.WebAsyncManagerIntegrationFilter@7c218478, org.springframework.security.web.context.SecurityContextPersistenceFilter@749068af, org.springframework.security.web.header.HeaderWriterFilter@32093a12, org.springframework.security.web.csrf.CsrfFilter@5f50f40a, org.springframework.security.web.authentication.logout.LogoutFilter@742212a2, org.springframework.security.web.savedrequest.RequestCacheAwareFilter@468dc163, org.springframework.security.web.servletapi.SecurityContextHolderAwareRequestFilter@2f25104f, org.springframework.security.web.authentication.AnonymousAuthenticationFilter@3c26012b, org.springframework.security.web.session.SessionManagementFilter@2e944446, org.springframework.security.web.access.ExceptionTranslationFilter@e3fa444]
2021-03-18 00:06:18.747  INFO 3328596 --- [    Test worker] o.s.s.concurrent.ThreadPoolTaskExecutor  : Initializing ExecutorService 'applicationTaskExecutor'
2021-03-18 00:06:18.814  INFO 3328596 --- [    Test worker] o.s.b.a.w.s.WelcomePageHandlerMapping    : Adding welcome page template: index
2021-03-18 00:06:18.974  INFO 3328596 --- [    Test worker] m.ddns.net.app.AppApplicationTests       : Started AppApplicationTests in 1.481 seconds (JVM running for 2.362)
]]></system-out>
  <system-err><![CDATA[]]></system-err>
</testsuite>
