<?xml version="1.0" encoding="UTF-8"?>
<testsuite name="myappdemo.ddns.net.app.AppApplicationTests" tests="1" skipped="0" failures="0" errors="0" timestamp="2021-03-14T14:00:02" hostname="mihai-G3" time="0.203">
  <properties/>
  <testcase name="contextLoads()" classname="myappdemo.ddns.net.app.AppApplicationTests" time="0.203"/>
  <system-out><![CDATA[16:00:00.729 [Test worker] DEBUG org.springframework.test.context.BootstrapUtils - Instantiating CacheAwareContextLoaderDelegate from class [org.springframework.test.context.cache.DefaultCacheAwareContextLoaderDelegate]
16:00:00.737 [Test worker] DEBUG org.springframework.test.context.BootstrapUtils - Instantiating BootstrapContext using constructor [public org.springframework.test.context.support.DefaultBootstrapContext(java.lang.Class,org.springframework.test.context.CacheAwareContextLoaderDelegate)]
16:00:00.762 [Test worker] DEBUG org.springframework.test.context.BootstrapUtils - Instantiating TestContextBootstrapper for test class [myappdemo.ddns.net.app.AppApplicationTests] from class [org.springframework.boot.test.context.SpringBootTestContextBootstrapper]
16:00:00.770 [Test worker] INFO org.springframework.boot.test.context.SpringBootTestContextBootstrapper - Neither @ContextConfiguration nor @ContextHierarchy found for test class [myappdemo.ddns.net.app.AppApplicationTests], using SpringBootContextLoader
16:00:00.772 [Test worker] DEBUG org.springframework.test.context.support.AbstractContextLoader - Did not detect default resource location for test class [myappdemo.ddns.net.app.AppApplicationTests]: class path resource [myappdemo/ddns/net/app/AppApplicationTests-context.xml] does not exist
16:00:00.773 [Test worker] DEBUG org.springframework.test.context.support.AbstractContextLoader - Did not detect default resource location for test class [myappdemo.ddns.net.app.AppApplicationTests]: class path resource [myappdemo/ddns/net/app/AppApplicationTestsContext.groovy] does not exist
16:00:00.773 [Test worker] INFO org.springframework.test.context.support.AbstractContextLoader - Could not detect default resource locations for test class [myappdemo.ddns.net.app.AppApplicationTests]: no resource found for suffixes {-context.xml, Context.groovy}.
16:00:00.774 [Test worker] INFO org.springframework.test.context.support.AnnotationConfigContextLoaderUtils - Could not detect default configuration classes for test class [myappdemo.ddns.net.app.AppApplicationTests]: AppApplicationTests does not declare any static, non-private, non-final, nested classes annotated with @Configuration.
16:00:00.804 [Test worker] DEBUG org.springframework.test.context.support.ActiveProfilesUtils - Could not find an 'annotation declaring class' for annotation type [org.springframework.test.context.ActiveProfiles] and class [myappdemo.ddns.net.app.AppApplicationTests]
16:00:00.848 [Test worker] DEBUG org.springframework.context.annotation.ClassPathScanningCandidateComponentProvider - Identified candidate component class: file [/home/mihai/work/js/app/build/classes/java/main/myappdemo/ddns/net/app/AppApplication.class]
16:00:00.854 [Test worker] INFO org.springframework.boot.test.context.SpringBootTestContextBootstrapper - Found @SpringBootConfiguration myappdemo.ddns.net.app.AppApplication for test class myappdemo.ddns.net.app.AppApplicationTests
16:00:00.914 [Test worker] DEBUG org.springframework.boot.test.context.SpringBootTestContextBootstrapper - @TestExecutionListeners is not present for class [myappdemo.ddns.net.app.AppApplicationTests]: using defaults.
16:00:00.915 [Test worker] INFO org.springframework.boot.test.context.SpringBootTestContextBootstrapper - Loaded default TestExecutionListener class names from location [META-INF/spring.factories]: [org.springframework.boot.test.autoconfigure.restdocs.RestDocsTestExecutionListener, org.springframework.boot.test.autoconfigure.web.client.MockRestServiceServerResetTestExecutionListener, org.springframework.boot.test.autoconfigure.web.servlet.MockMvcPrintOnlyOnFailureTestExecutionListener, org.springframework.boot.test.autoconfigure.web.servlet.WebDriverTestExecutionListener, org.springframework.boot.test.autoconfigure.webservices.client.MockWebServiceServerTestExecutionListener, org.springframework.boot.test.mock.mockito.MockitoTestExecutionListener, org.springframework.boot.test.mock.mockito.ResetMocksTestExecutionListener, org.springframework.test.context.web.ServletTestExecutionListener, org.springframework.test.context.support.DirtiesContextBeforeModesTestExecutionListener, org.springframework.test.context.event.ApplicationEventsTestExecutionListener, org.springframework.test.context.support.DependencyInjectionTestExecutionListener, org.springframework.test.context.support.DirtiesContextTestExecutionListener, org.springframework.test.context.transaction.TransactionalTestExecutionListener, org.springframework.test.context.jdbc.SqlScriptsTestExecutionListener, org.springframework.test.context.event.EventPublishingTestExecutionListener]
16:00:00.923 [Test worker] DEBUG org.springframework.boot.test.context.SpringBootTestContextBootstrapper - Skipping candidate TestExecutionListener [org.springframework.test.context.transaction.TransactionalTestExecutionListener] due to a missing dependency. Specify custom listener classes or make the default listener classes and their required dependencies available. Offending class: [org/springframework/transaction/interceptor/TransactionAttributeSource]
16:00:00.924 [Test worker] DEBUG org.springframework.boot.test.context.SpringBootTestContextBootstrapper - Skipping candidate TestExecutionListener [org.springframework.test.context.jdbc.SqlScriptsTestExecutionListener] due to a missing dependency. Specify custom listener classes or make the default listener classes and their required dependencies available. Offending class: [org/springframework/transaction/interceptor/TransactionAttribute]
16:00:00.924 [Test worker] INFO org.springframework.boot.test.context.SpringBootTestContextBootstrapper - Using TestExecutionListeners: [org.springframework.test.context.web.ServletTestExecutionListener@3fc0770, org.springframework.test.context.support.DirtiesContextBeforeModesTestExecutionListener@12ed13a6, org.springframework.test.context.event.ApplicationEventsTestExecutionListener@1034c2e9, org.springframework.boot.test.mock.mockito.MockitoTestExecutionListener@450b4c08, org.springframework.boot.test.autoconfigure.SpringBootDependencyInjectionTestExecutionListener@26af145e, org.springframework.test.context.support.DirtiesContextTestExecutionListener@5ca5530e, org.springframework.test.context.event.EventPublishingTestExecutionListener@6ab0e1f9, org.springframework.boot.test.autoconfigure.restdocs.RestDocsTestExecutionListener@75449bab, org.springframework.boot.test.autoconfigure.web.client.MockRestServiceServerResetTestExecutionListener@2b977cb9, org.springframework.boot.test.autoconfigure.web.servlet.MockMvcPrintOnlyOnFailureTestExecutionListener@5d5c77e6, org.springframework.boot.test.autoconfigure.web.servlet.WebDriverTestExecutionListener@308eea9d, org.springframework.boot.test.autoconfigure.webservices.client.MockWebServiceServerTestExecutionListener@6146b6e4, org.springframework.boot.test.mock.mockito.ResetMocksTestExecutionListener@71247cc1]
16:00:00.928 [Test worker] DEBUG org.springframework.test.context.support.AbstractDirtiesContextTestExecutionListener - Before test class: context [DefaultTestContext@48a7fa2c testClass = AppApplicationTests, testInstance = [null], testMethod = [null], testException = [null], mergedContextConfiguration = [WebMergedContextConfiguration@35e1fd78 testClass = AppApplicationTests, locations = '{}', classes = '{class myappdemo.ddns.net.app.AppApplication}', contextInitializerClasses = '[]', activeProfiles = '{}', propertySourceLocations = '{}', propertySourceProperties = '{org.springframework.boot.test.context.SpringBootTestContextBootstrapper=true}', contextCustomizers = set[org.springframework.boot.test.autoconfigure.actuate.metrics.MetricsExportContextCustomizerFactory$DisableMetricExportContextCustomizer@5743c432, org.springframework.boot.test.autoconfigure.properties.PropertyMappingContextCustomizer@0, org.springframework.boot.test.autoconfigure.web.servlet.WebDriverContextCustomizerFactory$Customizer@4f5fcc9a, org.springframework.boot.test.context.filter.ExcludeFilterContextCustomizer@2e93fcff, org.springframework.boot.test.json.DuplicateJsonObjectContextCustomizerFactory$DuplicateJsonObjectContextCustomizer@463f65b1, org.springframework.boot.test.mock.mockito.MockitoContextCustomizer@0, org.springframework.boot.test.web.client.TestRestTemplateContextCustomizer@e784347, org.springframework.boot.test.context.SpringBootTestArgs@1, org.springframework.boot.test.context.SpringBootTestWebEnvironment@6356b510], resourceBasePath = 'src/main/webapp', contextLoader = 'org.springframework.boot.test.context.SpringBootContextLoader', parent = [null]], attributes = map['org.springframework.test.context.web.ServletTestExecutionListener.activateListener' -> true]], class annotated with @DirtiesContext [false] with mode [null].
16:00:00.951 [Test worker] DEBUG org.springframework.test.context.support.TestPropertySourceUtils - Adding inlined properties to environment: {spring.jmx.enabled=false, org.springframework.boot.test.context.SpringBootTestContextBootstrapper=true}

  .   ____          _            __ _ _
 /\\ / ___'_ __ _ _(_)_ __  __ _ \ \ \ \
( ( )\___ | '_ | '_| | '_ \/ _` | \ \ \ \
 \\/  ___)| |_)| | | | | || (_| |  ) ) ) )
  '  |____| .__|_| |_|_| |_\__, | / / / /
 =========|_|==============|___/=/_/_/_/
 :: Spring Boot ::                (v2.4.3)

2021-03-14 16:00:01.164  INFO 175106 --- [    Test worker] m.ddns.net.app.AppApplicationTests       : Starting AppApplicationTests using Java 11.0.10 on mihai-G3 with PID 175106 (started by mihai in /home/mihai/work/js/app)
2021-03-14 16:00:01.167  INFO 175106 --- [    Test worker] m.ddns.net.app.AppApplicationTests       : No active profile set, falling back to default profiles: default
2021-03-14 16:00:01.897  INFO 175106 --- [    Test worker] .s.s.UserDetailsServiceAutoConfiguration : 

Using generated security password: caed43b8-6b78-40e5-b99a-d441f28122a5

2021-03-14 16:00:01.973  INFO 175106 --- [    Test worker] o.s.s.w.a.c.ChannelProcessingFilter      : Validated configuration attributes
2021-03-14 16:00:01.976  INFO 175106 --- [    Test worker] o.s.s.web.DefaultSecurityFilterChain     : Will secure any request with [org.springframework.security.web.access.channel.ChannelProcessingFilter@53d7bac4, org.springframework.security.web.context.request.async.WebAsyncManagerIntegrationFilter@1ea1ed94, org.springframework.security.web.context.SecurityContextPersistenceFilter@559a05c0, org.springframework.security.web.header.HeaderWriterFilter@469eb5ba, org.springframework.security.web.csrf.CsrfFilter@59d0cac9, org.springframework.security.web.authentication.logout.LogoutFilter@7b7d5e0f, org.springframework.security.web.savedrequest.RequestCacheAwareFilter@23f79faf, org.springframework.security.web.servletapi.SecurityContextHolderAwareRequestFilter@31255fe1, org.springframework.security.web.authentication.AnonymousAuthenticationFilter@612eef67, org.springframework.security.web.session.SessionManagementFilter@6cd9914e, org.springframework.security.web.access.ExceptionTranslationFilter@688a8224]
2021-03-14 16:00:02.095  INFO 175106 --- [    Test worker] o.s.s.concurrent.ThreadPoolTaskExecutor  : Initializing ExecutorService 'applicationTaskExecutor'
2021-03-14 16:00:02.259  INFO 175106 --- [    Test worker] m.ddns.net.app.AppApplicationTests       : Started AppApplicationTests in 1.303 seconds (JVM running for 2.132)
]]></system-out>
  <system-err><![CDATA[]]></system-err>
</testsuite>
